<?xml version="1.0" encoding="UTF-8"?>
<testsuite name="DialingCodesTest" tests="12" skipped="0" failures="0" errors="0" timestamp="2026-01-13T18:02:21.177Z" hostname="surfacebook2" time="0.092">
  <properties/>
  <testcase name="task:4: addNewDialingCode leaves already added code" classname="DialingCodesTest" time="0.065"/>
  <testcase name="task:2: setDialingCode updates existing entry" classname="DialingCodesTest" time="0.001"/>
  <testcase name="task:3: getCountry returns a code's country" classname="DialingCodesTest" time="0.003"/>
  <testcase name="task:4: addNewDialingCode adds new codes" classname="DialingCodesTest" time="0.001"/>
  <testcase name="task:2: setDialingCode with multiple entries" classname="DialingCodesTest" time="0.001"/>
  <testcase name="task:5: findDialingCode returns null for country not yet added" classname="DialingCodesTest" time="0.003"/>
  <testcase name="task:6: updateDialingCode updates the map" classname="DialingCodesTest" time="0.002"/>
  <testcase name="task:1: getCodes initially returns an empty map" classname="DialingCodesTest" time="0.001"/>
  <testcase name="task:5: findDialingCode returns a country's dialing code" classname="DialingCodesTest" time="0.001"/>
  <testcase name="task:3: getCountry returns updated country" classname="DialingCodesTest" time="0.001"/>
  <testcase name="task:4: addNewDialingCode leaves already added country" classname="DialingCodesTest" time="0.001"/>
  <testcase name="task:2: setDialingCode adds new entry" classname="DialingCodesTest" time="0.001"/>
  <system-out><![CDATA[]]></system-out>
  <system-err><![CDATA[]]></system-err>
</testsuite>
