<?xml version="1.0" encoding="UTF-8"?>
<testsuite name="GraphTest" tests="7" skipped="0" failures="0" errors="0" timestamp="2026-01-19T08:32:44.314Z" hostname="surfacebook2" time="0.069">
  <properties/>
  <testcase name="empty graph" classname="GraphTest" time="0.056"/>
  <testcase name="graph with attributes" classname="GraphTest" time="0.003"/>
  <testcase name="graph with one edge with keywords" classname="GraphTest" time="0.002"/>
  <testcase name="graph with one edge" classname="GraphTest" time="0.001"/>
  <testcase name="graph with one node" classname="GraphTest" time="0.001"/>
  <testcase name="graph with one attribute" classname="GraphTest" time="0.001"/>
  <testcase name="graph with one node with keywords" classname="GraphTest" time="0.0"/>
  <system-out><![CDATA[]]></system-out>
  <system-err><![CDATA[]]></system-err>
</testsuite>
