<?xml version="1.0" encoding="UTF-8"?>
<testsuite name="TwoferTest" tests="3" skipped="0" failures="0" errors="0" timestamp="2026-01-15T14:53:36.751Z" hostname="surfacebook2" time="0.079">
  <properties/>
  <testcase name="no name given" classname="TwoferTest" time="0.073"/>
  <testcase name="a name given" classname="TwoferTest" time="0.002"/>
  <testcase name="another name given" classname="TwoferTest" time="0.001"/>
  <system-out><![CDATA[]]></system-out>
  <system-err><![CDATA[]]></system-err>
</testsuite>
